[2024/12/24 03:31:12]: §9          __             _       
[2024/12/24 03:31:12]: §9  _ __   / /  ___   __ _(_)_ __  
[2024/12/24 03:31:12]: §9 | '_ \ / /  / _ \ / _` | | '_ \ 
[2024/12/24 03:31:12]: §9 | | | / /__| (_) | (_| | | | | |
[2024/12/24 03:31:12]: §9 |_| |_\____/\___/ \__, |_|_| |_|
[2024/12/24 03:31:12]: §9                  |___/            
[2024/12/24 03:31:12]: §9 By: www.nickuc.com - V 10.4.18 DEVELOPMENT
[2024/12/24 03:31:12]: §9 
[2024/12/24 03:31:12]: §3[nLogin] [DEBUG] The config.yml file was created successfully.
[2024/12/24 03:31:13]: §3[nLogin] [DEBUG] All settings were loaded in 1029 ms.
[2024/12/24 03:31:13]: §3[nLogin] [DEBUG] Loading the messages_es.yml message file...
[2024/12/24 03:31:13]: §3[nLogin] [DEBUG] All plugin messages were loaded in 38 ms (languageByClient=false).
[2024/12/24 03:31:13]: §3[nLogin] [DEBUG] All proxy settings were loaded in 0 ms.
[2024/12/24 03:31:13]: §3[nLogin] [DEBUG] Loading database...
[2024/12/24 03:31:13]: [nLogin] Generating RSA keypair... (this may take a while)
[2024/12/24 03:31:14]: [nLogin] The RSA key pair was successfully generated. Took 0.93s
[2024/12/24 03:31:14]: §3[nLogin] [DEBUG] Starting logger filter...
[2024/12/24 03:31:29]: 
[2024/12/24 03:31:29]:  §bThank you so much for choosing nLogin! §4<3
[2024/12/24 03:31:29]: 
[2024/12/24 03:31:29]:  §4For your safety, please read the message below:
[2024/12/24 03:31:29]:   §cNever download nLogin from unknown sources.
[2024/12/24 03:31:29]:   §cA modified version may contain malicious software.
[2024/12/24 03:31:29]: 
[2024/12/24 03:31:29]:  §3Trusted sources:
[2024/12/24 03:31:29]:   §bwww.nickuc.com
[2024/12/24 03:31:29]:   §bwww.github.com/nickuc
[2024/12/24 03:31:29]:   §bOpeNLogin installer (from Spigot or GitHub)
[2024/12/24 03:31:29]: 
[2024/12/24 03:31:29]:  §3Official support channels:
[2024/12/24 03:31:29]:   §bDiscord group: §fwww.nickuc.com/discord
[2024/12/24 03:31:29]:   §bDocumentation: §fdocs.nickuc.com/nlogin/
[2024/12/24 03:31:29]:   §bEmail: §fsupport@nickuc.com
[2024/12/24 03:31:29]:   §bYouTube: §fyoutube.com/nickuc
[2024/12/24 03:31:29]: 
[2024/12/24 03:31:29]:  §eTo remove this warning, log in with "nlogin.admin" permission on the server
[2024/12/24 03:31:29]:  §eand click the "Setup plugin" button to configure your plugin.
[2024/12/24 03:31:29]: 
[2024/12/24 03:31:57]: [nLogin] Successful plugin core shutdown (took 0.00s)
