[2024/12/24 14:57:27]: §9          __             _       
[2024/12/24 14:57:27]: §9  _ __   / /  ___   __ _(_)_ __  
[2024/12/24 14:57:27]: §9 | '_ \ / /  / _ \ / _` | | '_ \ 
[2024/12/24 14:57:27]: §9 | | | / /__| (_) | (_| | | | | |
[2024/12/24 14:57:27]: §9 |_| |_\____/\___/ \__, |_|_| |_|
[2024/12/24 14:57:27]: §9                  |___/            
[2024/12/24 14:57:27]: §9 By: www.nickuc.com - V 10.4.18 DEVELOPMENT
[2024/12/24 14:57:27]: §9 
[2024/12/24 14:57:28]: §3[nLogin] [DEBUG] All settings were loaded in 59 ms.
[2024/12/24 14:57:28]: §3[nLogin] [DEBUG] Loading the messages_es.yml message file...
[2024/12/24 14:57:28]: §3[nLogin] [DEBUG] All plugin messages were loaded in 41 ms (languageByClient=false).
[2024/12/24 14:57:28]: §3[nLogin] [DEBUG] All proxy settings were loaded in 0 ms.
[2024/12/24 14:57:28]: §3[nLogin] [DEBUG] Loading database...
[2024/12/24 14:57:28]: §3[nLogin] [DEBUG] Starting logger filter...
[2024/12/24 14:57:42]: 
[2024/12/24 14:57:42]:  §bThank you so much for choosing nLogin! §4<3
[2024/12/24 14:57:42]: 
[2024/12/24 14:57:42]:  §4For your safety, please read the message below:
[2024/12/24 14:57:42]:   §cNever download nLogin from unknown sources.
[2024/12/24 14:57:42]:   §cA modified version may contain malicious software.
[2024/12/24 14:57:42]: 
[2024/12/24 14:57:42]:  §3Trusted sources:
[2024/12/24 14:57:42]:   §bwww.nickuc.com
[2024/12/24 14:57:42]:   §bwww.github.com/nickuc
[2024/12/24 14:57:42]:   §bOpeNLogin installer (from Spigot or GitHub)
[2024/12/24 14:57:42]: 
[2024/12/24 14:57:42]:  §3Official support channels:
[2024/12/24 14:57:42]:   §bDiscord group: §fwww.nickuc.com/discord
[2024/12/24 14:57:42]:   §bDocumentation: §fdocs.nickuc.com/nlogin/
[2024/12/24 14:57:42]:   §bEmail: §fsupport@nickuc.com
[2024/12/24 14:57:42]:   §bYouTube: §fyoutube.com/nickuc
[2024/12/24 14:57:42]: 
[2024/12/24 14:57:42]:  §eTo remove this warning, log in with "nlogin.admin" permission on the server
[2024/12/24 14:57:42]:  §eand click the "Setup plugin" button to configure your plugin.
[2024/12/24 14:57:42]: 
[2024/12/24 15:00:20]: §3[nLogin] [DEBUG] [ProtocolLib] com.comphenix.protocol.injector.temporary.TemporaryPlayerInvocationHandler@7357e84f has been disconnected: Invalid state for Bedrock, please rejoin
[2024/12/24 15:00:55]: §3[nLogin] [DEBUG] [SQLite] [UPDATE]: "UPDATE `nlogin` SET `last_name` = '.Spbstrome17', `unique_id` = null,  `mojang_id` = null,  `bedrock_id` = 0000000000000000000901f8b3d19464,  `password` = '$2a$10$K184QvAZyq.qXrJXxKVbrO/E6rC4zpAiSJ.RqYV0NXv9FmatEjt9C', `last_ip` = '127.0.0.1', `creation_date` = 2024-12-24 03:44:35.117, `last_seen` = 2024-12-24 15:00:55.936, `email` = null, `discord` = null, `settings` = '{"settings":[{"value":"es","key":"language"}],"version":0}' WHERE `ai` = 1" (applied to [last_ip, last_seen, settings] columns)
[2024/12/24 15:00:56]: [nLogin] The user .Spbstrome17 has successfully logged in.
[2024/12/24 15:01:08]: §3[nLogin] [DEBUG] [SQLite] [UPDATE]: "UPDATE `nlogin` SET `last_name` = '.Spbstrome17', `unique_id` = null,  `mojang_id` = null,  `bedrock_id` = 0000000000000000000901f8b3d19464,  `password` = '$2a$10$K184QvAZyq.qXrJXxKVbrO/E6rC4zpAiSJ.RqYV0NXv9FmatEjt9C', `last_ip` = '127.0.0.1', `creation_date` = 2024-12-24 03:44:35.117, `last_seen` = 2024-12-24 15:01:08.912, `email` = null, `discord` = null, `settings` = '{"settings":[{"value":"es","key":"language"}],"version":0}' WHERE `ai` = 1" (applied to [last_seen, settings] columns)
[2024/12/24 15:01:41]: §3[nLogin] [DEBUG] [SQLite] [UPDATE]: "UPDATE `nlogin` SET `last_name` = '.Spbstrome17', `unique_id` = null,  `mojang_id` = null,  `bedrock_id` = 0000000000000000000901f8b3d19464,  `password` = '$2a$10$K184QvAZyq.qXrJXxKVbrO/E6rC4zpAiSJ.RqYV0NXv9FmatEjt9C', `last_ip` = '127.0.0.1', `creation_date` = 2024-12-24 03:44:35.117, `last_seen` = 2024-12-24 15:01:41.743, `email` = null, `discord` = null, `settings` = '{"settings":[{"value":"es","key":"language"}],"version":0}' WHERE `ai` = 1" (applied to [last_ip, last_seen, settings] columns)
[2024/12/24 15:01:41]: [nLogin] The user .Spbstrome17 has successfully logged in.
[2024/12/24 15:02:07]: §3[nLogin] [DEBUG] [SQLite] [UPDATE]: "UPDATE `nlogin` SET `last_name` = '.Spbstrome17', `unique_id` = null,  `mojang_id` = null,  `bedrock_id` = 0000000000000000000901f8b3d19464,  `password` = '$2a$10$K184QvAZyq.qXrJXxKVbrO/E6rC4zpAiSJ.RqYV0NXv9FmatEjt9C', `last_ip` = '127.0.0.1', `creation_date` = 2024-12-24 03:44:35.117, `last_seen` = 2024-12-24 15:02:07.962, `email` = null, `discord` = null, `settings` = '{"settings":[{"value":"es","key":"language"}],"version":0}' WHERE `ai` = 1" (applied to [last_seen, settings] columns)
