[2024/12/24 11:13:34]: §9          __             _       
[2024/12/24 11:13:34]: §9  _ __   / /  ___   __ _(_)_ __  
[2024/12/24 11:13:34]: §9 | '_ \ / /  / _ \ / _` | | '_ \ 
[2024/12/24 11:13:34]: §9 | | | / /__| (_) | (_| | | | | |
[2024/12/24 11:13:34]: §9 |_| |_\____/\___/ \__, |_|_| |_|
[2024/12/24 11:13:34]: §9                  |___/            
[2024/12/24 11:13:34]: §9 By: www.nickuc.com - V 10.4.18 DEVELOPMENT
[2024/12/24 11:13:34]: §9 
[2024/12/24 11:13:34]: §3[nLogin] [DEBUG] All settings were loaded in 72 ms.
[2024/12/24 11:13:34]: §3[nLogin] [DEBUG] Loading the messages_es.yml message file...
[2024/12/24 11:13:34]: §3[nLogin] [DEBUG] All plugin messages were loaded in 52 ms (languageByClient=false).
[2024/12/24 11:13:34]: §3[nLogin] [DEBUG] All proxy settings were loaded in 0 ms.
[2024/12/24 11:13:34]: §3[nLogin] [DEBUG] Loading database...
[2024/12/24 11:13:34]: §3[nLogin] [DEBUG] Starting logger filter...
[2024/12/24 11:13:47]: 
[2024/12/24 11:13:47]:  §bThank you so much for choosing nLogin! §4<3
[2024/12/24 11:13:47]: 
[2024/12/24 11:13:47]:  §4For your safety, please read the message below:
[2024/12/24 11:13:47]:   §cNever download nLogin from unknown sources.
[2024/12/24 11:13:47]:   §cA modified version may contain malicious software.
[2024/12/24 11:13:47]: 
[2024/12/24 11:13:47]:  §3Trusted sources:
[2024/12/24 11:13:47]:   §bwww.nickuc.com
[2024/12/24 11:13:47]:   §bwww.github.com/nickuc
[2024/12/24 11:13:47]:   §bOpeNLogin installer (from Spigot or GitHub)
[2024/12/24 11:13:47]: 
[2024/12/24 11:13:47]:  §3Official support channels:
[2024/12/24 11:13:47]:   §bDiscord group: §fwww.nickuc.com/discord
[2024/12/24 11:13:47]:   §bDocumentation: §fdocs.nickuc.com/nlogin/
[2024/12/24 11:13:47]:   §bEmail: §fsupport@nickuc.com
[2024/12/24 11:13:47]:   §bYouTube: §fyoutube.com/nickuc
[2024/12/24 11:13:47]: 
[2024/12/24 11:13:47]:  §eTo remove this warning, log in with "nlogin.admin" permission on the server
[2024/12/24 11:13:47]:  §eand click the "Setup plugin" button to configure your plugin.
[2024/12/24 11:13:47]: 
[2024/12/24 11:23:51]: §3[nLogin] [DEBUG] [ProtocolLib] com.comphenix.protocol.injector.temporary.TemporaryPlayerInvocationHandler@203ccb2f has been disconnected: Invalid state for Bedrock, please rejoin
[2024/12/24 11:28:11]: §3[nLogin] [DEBUG] [SQLite] [UPDATE]: "UPDATE `nlogin` SET `last_name` = '.Spbstrome17', `unique_id` = null,  `mojang_id` = null,  `bedrock_id` = 0000000000000000000901f8b3d19464,  `password` = '$2a$10$K184QvAZyq.qXrJXxKVbrO/E6rC4zpAiSJ.RqYV0NXv9FmatEjt9C', `last_ip` = '127.0.0.1', `creation_date` = 2024-12-24 03:44:35.117, `last_seen` = 2024-12-24 11:28:11.544, `email` = null, `discord` = null, `settings` = '{"settings":[{"value":"es","key":"language"}],"version":0}' WHERE `ai` = 1" (applied to [last_ip, last_seen, settings] columns)
[2024/12/24 11:28:11]: [nLogin] The user .Spbstrome17 has successfully logged in.
[2024/12/24 11:28:23]: §3[nLogin] [DEBUG] [SQLite] [UPDATE]: "UPDATE `nlogin` SET `last_name` = '.Spbstrome17', `unique_id` = null,  `mojang_id` = null,  `bedrock_id` = 0000000000000000000901f8b3d19464,  `password` = '$2a$10$K184QvAZyq.qXrJXxKVbrO/E6rC4zpAiSJ.RqYV0NXv9FmatEjt9C', `last_ip` = '127.0.0.1', `creation_date` = 2024-12-24 03:44:35.117, `last_seen` = 2024-12-24 11:28:23.033, `email` = null, `discord` = null, `settings` = '{"settings":[{"value":"es","key":"language"}],"version":0}' WHERE `ai` = 1" (applied to [last_seen, settings] columns)
[2024/12/24 11:29:11]: §3[nLogin] [DEBUG] [SQLite] [UPDATE]: "UPDATE `nlogin` SET `last_name` = '.Spbstrome17', `unique_id` = null,  `mojang_id` = null,  `bedrock_id` = 0000000000000000000901f8b3d19464,  `password` = '$2a$10$K184QvAZyq.qXrJXxKVbrO/E6rC4zpAiSJ.RqYV0NXv9FmatEjt9C', `last_ip` = '127.0.0.1', `creation_date` = 2024-12-24 03:44:35.117, `last_seen` = 2024-12-24 11:29:11.772, `email` = null, `discord` = null, `settings` = '{"settings":[{"value":"es","key":"language"}],"version":0}' WHERE `ai` = 1" (applied to [last_ip, last_seen, settings] columns)
[2024/12/24 11:29:11]: [nLogin] The user .Spbstrome17 has successfully logged in.
[2024/12/24 11:29:22]: §3[nLogin] [DEBUG] [SQLite] [UPDATE]: "UPDATE `nlogin` SET `last_name` = '.Spbstrome17', `unique_id` = null,  `mojang_id` = null,  `bedrock_id` = 0000000000000000000901f8b3d19464,  `password` = '$2a$10$K184QvAZyq.qXrJXxKVbrO/E6rC4zpAiSJ.RqYV0NXv9FmatEjt9C', `last_ip` = '127.0.0.1', `creation_date` = 2024-12-24 03:44:35.117, `last_seen` = 2024-12-24 11:29:22.132, `email` = null, `discord` = null, `settings` = '{"settings":[{"value":"es","key":"language"}],"version":0}' WHERE `ai` = 1" (applied to [last_seen, settings] columns)
[2024/12/24 11:29:52]: §3[nLogin] [DEBUG] [ProtocolLib] com.comphenix.protocol.injector.temporary.TemporaryPlayerInvocationHandler@1cbe7a8f has been disconnected: Invalid state for Bedrock, please rejoin
[2024/12/24 11:33:04]: §3[nLogin] [DEBUG] [ProtocolLib] com.comphenix.protocol.injector.temporary.TemporaryPlayerInvocationHandler@2592640e has been disconnected: Invalid state for Bedrock, please rejoin
[2024/12/24 11:35:13]: [nLogin] Successful plugin core shutdown (took 0.00s)
